0 info it worked if it ends with ok
1 verbose cli [ 'F:\\webfrontend\\nodejs\\node.exe',
1 verbose cli   'F:\\webfrontend\\nodejs\\node_modules\\npm\\bin\\npm-cli.js',
1 verbose cli   'run',
1 verbose cli   'dev',
1 verbose cli   '--',
1 verbose cli   '-c',
1 verbose cli   'date-picker' ]
2 info using npm@3.10.10
3 info using node@v6.9.4
4 verbose run-script [ 'predev', 'dev', 'postdev' ]
5 info lifecycle vue-ui@1.0.0~predev: vue-ui@1.0.0
6 silly lifecycle vue-ui@1.0.0~predev: no script for predev, continuing
7 info lifecycle vue-ui@1.0.0~dev: vue-ui@1.0.0
8 verbose lifecycle vue-ui@1.0.0~dev: unsafe-perm in lifecycle true
9 verbose lifecycle vue-ui@1.0.0~dev: PATH: F:\webfrontend\nodejs\node_modules\npm\bin\node-gyp-bin;F:\webfrontend\github\vui\node_modules\.bin;D:\software\OpenSSH\bin;C:\Program Files (x86)\Microsoft SQL Server\120\DTS\Binn\;C:\Program Files\Microsoft SQL Server\120\DTS\Binn\;D:\software\Windows7Master;F:\webfrontend\nodejs;F:\webfrontend\nodejs\;C:\Windows\System32;D:\software\Git\bin;C:\Users\zhengxg\AppData\Local\Code\bin;D:\software\Visual Studio Code\bin;F:\webfrontend\nodejs;F:\webfrontend\nodejs\;F:\webfrontend\nodejs\node_modules;D:\software\Python2.7;D:\software\Microsoft VS Code\bin;C:\Users\zhengxg\AppData\Roaming\npm
10 verbose lifecycle vue-ui@1.0.0~dev: CWD: F:\webfrontend\github\vui
11 silly lifecycle vue-ui@1.0.0~dev: Args: [ '/d /s /c', 'node build/dev-server.js "-c" "date-picker"' ]
12 verbose stack Error: kill ENOSYS
12 verbose stack     at exports._errnoException (util.js:1022:11)
12 verbose stack     at process.kill (internal/process.js:172:13)
12 verbose stack     at process.listener (F:\webfrontend\nodejs\node_modules\npm\node_modules\npmlog\node_modules\gauge\node_modules\signal-exit\index.js:86:15)
12 verbose stack     at emitNone (events.js:91:20)
12 verbose stack     at process.emit (events.js:185:7)
12 verbose stack     at processEmit (F:\webfrontend\nodejs\node_modules\npm\node_modules\npmlog\node_modules\gauge\node_modules\signal-exit\index.js:146:32)
12 verbose stack     at processEmit (F:\webfrontend\nodejs\node_modules\npm\node_modules\npm-registry-client\node_modules\npmlog\node_modules\gauge\node_modules\signal-exit\index.js:146:32)
12 verbose stack     at Signal.wrap.onsignal (internal/process.js:199:44)
13 verbose cwd F:\webfrontend\github\vui
14 error Windows_NT 6.1.7601
15 error argv "F:\\webfrontend\\nodejs\\node.exe" "F:\\webfrontend\\nodejs\\node_modules\\npm\\bin\\npm-cli.js" "run" "dev" "--" "-c" "date-picker"
16 error node v6.9.4
17 error npm  v3.10.10
18 error code ENOSYS
19 error errno ENOSYS
20 error syscall kill
21 error kill ENOSYS
22 error If you need help, you may report this error at:
22 error     <https://github.com/npm/npm/issues>
23 verbose exit [ 1, true ]
