0 info it worked if it ends with ok
1 verbose cli [ 'F:\\webfrontend\\nodejs\\node.exe',
1 verbose cli   'F:\\webfrontend\\nodejs\\node_modules\\npm\\bin\\npm-cli.js',
1 verbose cli   'run',
1 verbose cli   'dev',
1 verbose cli   '-c',
1 verbose cli   'select' ]
2 info using npm@3.10.10
3 info using node@v6.9.4
4 verbose run-script [ 'predev', 'dev', 'postdev' ]
5 info lifecycle vue-ui@1.0.0~predev: vue-ui@1.0.0
6 silly lifecycle vue-ui@1.0.0~predev: no script for predev, continuing
7 info lifecycle vue-ui@1.0.0~dev: vue-ui@1.0.0
8 verbose lifecycle vue-ui@1.0.0~dev: unsafe-perm in lifecycle true
9 verbose lifecycle vue-ui@1.0.0~dev: PATH: F:\webfrontend\nodejs\node_modules\npm\bin\node-gyp-bin;F:\webfrontend\github\vui\node_modules\.bin;D:\software\OpenSSH\bin;C:\Program Files (x86)\Microsoft SQL Server\120\DTS\Binn\;C:\Program Files\Microsoft SQL Server\120\DTS\Binn\;D:\software\Windows7Master;F:\webfrontend\nodejs;F:\webfrontend\nodejs\;C:\Windows\System32;D:\software\Git\bin;C:\Users\zhengxg\AppData\Local\Code\bin;D:\software\Visual Studio Code\bin;F:\webfrontend\nodejs;F:\webfrontend\nodejs\;F:\webfrontend\nodejs\node_modules;D:\software\Python2.7;D:\software\Microsoft VS Code\bin;C:\Users\zhengxg\AppData\Roaming\npm
10 verbose lifecycle vue-ui@1.0.0~dev: CWD: F:\webfrontend\github\vui
11 silly lifecycle vue-ui@1.0.0~dev: Args: [ '/d /s /c', 'node build/dev-server.js "select"' ]
12 silly lifecycle vue-ui@1.0.0~dev: Returned: code: 1  signal: null
13 info lifecycle vue-ui@1.0.0~dev: Failed to exec dev script
14 verbose stack Error: vue-ui@1.0.0 dev: `node build/dev-server.js "select"`
14 verbose stack Exit status 1
14 verbose stack     at EventEmitter.<anonymous> (F:\webfrontend\nodejs\node_modules\npm\lib\utils\lifecycle.js:255:16)
14 verbose stack     at emitTwo (events.js:106:13)
14 verbose stack     at EventEmitter.emit (events.js:191:7)
14 verbose stack     at ChildProcess.<anonymous> (F:\webfrontend\nodejs\node_modules\npm\lib\utils\spawn.js:40:14)
14 verbose stack     at emitTwo (events.js:106:13)
14 verbose stack     at ChildProcess.emit (events.js:191:7)
14 verbose stack     at maybeClose (internal/child_process.js:877:16)
14 verbose stack     at Process.ChildProcess._handle.onexit (internal/child_process.js:226:5)
15 verbose pkgid vue-ui@1.0.0
16 verbose cwd F:\webfrontend\github\vui\build
17 error Windows_NT 6.1.7601
18 error argv "F:\\webfrontend\\nodejs\\node.exe" "F:\\webfrontend\\nodejs\\node_modules\\npm\\bin\\npm-cli.js" "run" "dev" "-c" "select"
19 error node v6.9.4
20 error npm  v3.10.10
21 error code ELIFECYCLE
22 error vue-ui@1.0.0 dev: `node build/dev-server.js "select"`
22 error Exit status 1
23 error Failed at the vue-ui@1.0.0 dev script 'node build/dev-server.js "select"'.
23 error Make sure you have the latest version of node.js and npm installed.
23 error If you do, this is most likely a problem with the vue-ui package,
23 error not with npm itself.
23 error Tell the author that this fails on your system:
23 error     node build/dev-server.js "select"
23 error You can get information on how to open an issue for this project with:
23 error     npm bugs vue-ui
23 error Or if that isn't available, you can get their info via:
23 error     npm owner ls vue-ui
23 error There is likely additional logging output above.
24 verbose exit [ 1, true ]
